Environment variables set:
  JAVA_TOOL_OPTIONS=-Djava.awt.headless=true -Xmx4g
  DISPLAY=
  MPLBACKEND=Agg
Starting DQN run at Sun Nov 16 03:33:20 PM SAST 2025
============================================================
DQN Sugarscape Results Analysis
============================================================
Found 1 result files:
  - dqn_experiment_summary.csv

Available columns: ['experiment', 'year', 'gini', 'compliance_rate', 'evasion_rate', 'partial_payment_rate', 'total_sugar', 'population', 'epsilon', 'deaths']

Filtered from 4000 to 2000 data points (experiments containing 'lenient')

Total data points loaded: 2000
Experiments: ['dqn_lenient_high_audit_high_duration', 'dqn_lenient_medium_audit_high_duration']

Analyzing 2000 total data points...

✅ Generated: analysis_output/dqn_main_results_lenient.png

✅ Analysis complete!
Analyzed 2000 data points
Generated visualizations in 'analysis_output/' directory
Job done DQN run completed at Sun Nov 16 03:33:25 PM SAST 2025
